  Game.cpp
A:\ben1hop\CodeProjects\VisualStudio\2dgameengine_sdl\2dgameengine_sdl\TextureManager.h(4,10): warning C4067: unexpected tokens following preprocessor directive - expected a newline
A:\ben1hop\CodeProjects\VisualStudio\2dgameengine_sdl\2dgameengine_sdl\Game.cpp(9,10): warning C4067: unexpected tokens following preprocessor directive - expected a newline
A:\ben1hop\CodeProjects\VisualStudio\2dgameengine_sdl\2dgameengine_sdl\ColliderComponent.h(4,10): warning C4067: unexpected tokens following preprocessor directive - expected a newline
A:\ben1hop\CodeProjects\VisualStudio\2dgameengine_sdl\2dgameengine_sdl\Game.cpp(190,48): warning C4244: '=': conversion from 'T' to 'int', possible loss of data
          with
          [
              T=float
          ]
A:\ben1hop\CodeProjects\VisualStudio\2dgameengine_sdl\2dgameengine_sdl\Game.cpp(191,48): warning C4244: '=': conversion from 'T' to 'int', possible loss of data
          with
          [
              T=float
          ]
A:\ben1hop\CodeProjects\VisualStudio\2dgameengine_sdl\2dgameengine_sdl\Entity.h(43,44): warning C4244: 'argument': conversion from '_Ty' to 'int', possible loss of data
          with
          [
              _Ty=float
          ]
A:\ben1hop\CodeProjects\VisualStudio\2dgameengine_sdl\2dgameengine_sdl\Game.cpp(103): message : see reference to function template instantiation 'T &Entity::AddComponent<TransformComponent,float,float,int,int,int,int,int>(float &&,float &&,int &&,int &&,int &&,int &&,int &&)' being compiled
          with
          [
              T=TransformComponent
          ]
  2dgameengine_sdl.vcxproj -> A:\ben1hop\CodeProjects\VisualStudio\2dgameengine_sdl\Debug\2dgameengine_sdl.exe
